Excited! Get given seed = 9312059135
caseno = 1
stepno = 1
caseno = 2
stepno = 1
show_init 6 7 7 11 9 3 8 9 9 7 6 5 6 4 10 8 5 4 0 10 2 8 1 3 2 
caseno = 3
stepno = 1
get_init 
6 7 7 11 9 3 8 9 9 7 6 5 6 4 4 8 5 10 1 10 2 8 0 3 2 
6 7 7 11 9 3 8 9 9 7 6 5 6 4 10 8 5 4 0 10 2 8 1 3 2 
连 排 排 旗 雷 
旅 兵 雷 雷 排 
连    营    连 
团 团    兵 营 
炸    军    炸 
师 兵 司 旅 师 
               
               
               
               
               
师 旅 军 兵 师 
炸    司    团 
营 兵    炸 团 
连    营    连 
排 雷 雷 兵 旅 
雷 旗 排 排 连 
cboard:
21 23 19 19 18 
19 21 21 20 15 
18 -2 17 -2 18 
17 20 -2 22 16 
22 -2 12 -2 16 
14 15 13 20 14 
-2 -2 -2 -2 -2 
-2 -2 -2 -2 -2 
-2 -2 -2 -2 -2 
-2 -2 -2 -2 -2 
-2 -2 -2 -2 -2 
2 8 0 3 2 
10 -2 1 -2 10 
4 4 -2 8 5 
6 -2 5 -2 6 
3 8 9 9 7 
6 7 7 11 9 

caseno = 4
stepno = 1
idy002: message: 5 2 11 2 0
caseno = 5
stepno = 1
search 89119 nodes
idy002: action: (12 2 司) -> (11 2 司) 
caseno = 6
stepno = 3
idy002: message: 12 2 11 2 -2
caseno = 7
stepno = 3
idy002: message: 4 0 4 1 10
caseno = 8
stepno = 3
search 111818 nodes
idy002: action: (11 4 师) -> (5 4 师) 
caseno = 9
stepno = 5
idy002: message: 11 4 5 4 -2
caseno = 10
stepno = 5
idy002: message: 5 1 11 3 -2
caseno = 11
stepno = 5
search 53130 nodes
idy002: action: (12 4 团) -> (4 4 炸) 
caseno = 12
stepno = 7
idy002: message: 12 4 4 4 -2
caseno = 13
stepno = 7
idy002: message: 5 3 5 4 3
caseno = 14
stepno = 7
search 52657 nodes
idy002: action: (11 1 旅) -> (11 4   ) 
caseno = 15
stepno = 9
idy002: message: 11 1 11 4 15
